2021-04-21 10:15:18,448:INFO:PyCaret Supervised Module
2021-04-21 10:15:18,449:INFO:ML Usecase: classification
2021-04-21 10:15:18,449:INFO:version 2.3.0
2021-04-21 10:15:18,449:INFO:Initializing setup()
2021-04-21 10:15:18,449:INFO:setup(target=label, ml_usecase=classification, available_plots={'parameter': 'Hyperparameters', 'auc': 'AUC', 'confusion_matrix': 'Confusion Matrix', 'threshold': 'Threshold', 'pr': 'Precision Recall', 'error': 'Prediction Error', 'class_report': 'Class Report', 'rfe': 'Feature Selection', 'learning': 'Learning Curve', 'manifold': 'Manifold Learning', 'calibration': 'Calibration Curve', 'vc': 'Validation Curve', 'dimension': 'Dimensions', 'feature': 'Feature Importance', 'feature_all': 'Feature Importance (All)', 'boundary': 'Decision Boundary', 'lift': 'Lift Chart', 'gain': 'Gain Chart', 'tree': 'Decision Tree'}, train_size=0.7, test_data=None, preprocess=True, imputation_type=simple, iterative_imputation_iters=5, categorical_features=None, categorical_imputation=constant, categorical_iterative_imputer=lightgbm, ordinal_features=None, high_cardinality_features=None, high_cardinality_method=frequency, numeric_features=None, numeric_imputation=mean, numeric_iterative_imputer=lightgbm, date_features=None, ignore_features=[], normalize=False, normalize_method=zscore, transformation=False, transformation_method=yeo-johnson, handle_unknown_categorical=True, unknown_categorical_method=least_frequent, pca=False, pca_method=linear, pca_components=None, ignore_low_variance=False, combine_rare_levels=False, rare_level_threshold=0.1, bin_numeric_features=None, remove_outliers=False, outliers_threshold=0.05, remove_multicollinearity=False, multicollinearity_threshold=0.9, remove_perfect_collinearity=True, create_clusters=False, cluster_iter=20, polynomial_features=False, polynomial_degree=2, trigonometry_features=False, polynomial_threshold=0.1, group_features=None, group_names=None, feature_selection=False, feature_selection_threshold=0.8, feature_selection_method=classic, feature_interaction=False, feature_ratio=False, interaction_threshold=0.01, fix_imbalance=False, fix_imbalance_method=None, transform_target=False, transform_target_method=box-cox, data_split_shuffle=True, data_split_stratify=False, fold_strategy=stratifiedkfold, fold=10, fold_shuffle=False, fold_groups=None, n_jobs=-1, use_gpu=True, custom_pipeline=None, html=True, session_id=None, log_experiment=False, experiment_name=None, log_plots=False, log_profile=False, log_data=False, silent=False, verbose=True, profile=False, profile_kwargs=None, display=None)
2021-04-21 10:15:18,449:INFO:Checking environment
2021-04-21 10:15:18,449:INFO:python_version: 3.7.7
2021-04-21 10:15:18,449:INFO:python_build: ('default', 'May  7 2020 21:25:33')
2021-04-21 10:15:18,449:INFO:machine: x86_64
2021-04-21 10:15:18,450:INFO:platform: Linux-4.4.0-59-generic-x86_64-with-debian-buster-sid
2021-04-21 10:15:18,451:INFO:Memory: svmem(total=63324680192, available=54019817472, percent=14.7, used=8900349952, free=46460882944, active=12970430464, inactive=2780770304, buffers=606420992, cached=7357026304, shared=17764352, slab=840757248)
2021-04-21 10:15:18,452:INFO:Physical Core: 8
2021-04-21 10:15:18,452:INFO:Logical Core: 8
2021-04-21 10:15:18,452:INFO:Checking libraries
2021-04-21 10:15:18,452:INFO:pd==1.1.5
2021-04-21 10:15:18,452:INFO:numpy==1.19.5
2021-04-21 10:15:18,452:INFO:sklearn==0.23.2
2021-04-21 10:15:18,452:INFO:lightgbm==3.1.1
2021-04-21 10:15:18,474:INFO:catboost==0.24.4
2021-04-21 10:15:18,484:INFO:xgboost==1.3.3
2021-04-21 10:15:18,738:INFO:mlflow==1.15.0
2021-04-21 10:15:18,738:INFO:Checking Exceptions
2021-04-21 10:15:18,738:INFO:Declaring global variables
2021-04-21 10:15:18,739:INFO:USI: db9a
2021-04-21 10:15:18,739:INFO:pycaret_globals: {'fold_shuffle_param', 'n_jobs_param', '_all_models', 'html_param', 'seed', 'create_model_container', 'log_plots_param', 'transform_target_param', 'data_before_preprocess', 'fold_param', 'X_test', 'transform_target_method_param', 'y_test', '_available_plots', 'fold_generator', 'pycaret_globals', 'logging_param', 'fix_imbalance_param', 'gpu_param', 'fix_imbalance_method_param', 'iterative_imputation_iters_param', '_internal_pipeline', 'target_param', '_all_models_internal', 'master_model_container', 'display_container', 'prep_pipe', '_ml_usecase', 'y_train', 'exp_name_log', 'imputation_classifier', '_gpu_n_jobs_param', 'X_train', 'fold_groups_param', 'y', 'stratify_param', 'USI', 'experiment__', 'imputation_regressor', 'X', '_all_metrics'}
2021-04-21 10:15:18,739:INFO:Preparing display monitor
2021-04-21 10:15:18,739:INFO:Preparing display monitor
2021-04-21 10:15:18,754:INFO:Importing libraries
2021-04-21 10:15:18,754:INFO:Copying data for preprocessing
2021-04-21 10:15:18,763:INFO:Declaring preprocessing parameters
2021-04-21 10:15:18,764:WARNING:cuML not found
2021-04-21 10:15:18,764:WARNING:cuML is outdated or not found. Required version is >=0.15, got 1.3.3
2021-04-21 10:15:18,768:INFO:Creating preprocessing pipeline
2021-04-21 10:15:18,896:INFO:Preprocessing pipeline created successfully
2021-04-21 10:15:18,896:ERROR:(Process Exit): setup has been interupted with user command 'quit'. setup must rerun.
2021-04-21 10:15:18,896:INFO:Creating global containers
2021-04-21 10:15:18,897:INFO:Internal pipeline: Pipeline(memory=None, steps=[('empty_step', 'passthrough')], verbose=False)
2021-04-21 10:15:30,579:WARNING:Couldn't import cuml.linear_model.LogisticRegression
2021-04-21 10:15:30,626:WARNING:Couldn't import cuml.neighbors.KNeighborsClassifier
2021-04-21 10:15:30,628:WARNING:Couldn't import cuml.MBSGDClassifier
2021-04-21 10:15:30,629:WARNING:Couldn't import cuml.svm.SVC
2021-04-21 10:15:30,656:WARNING:Couldn't import cuml.linear_model
2021-04-21 10:15:30,661:WARNING:Couldn't import cuml.ensemble
2021-04-21 10:15:30,696:WARNING:Couldn't import cuml.linear_model.LogisticRegression
2021-04-21 10:15:30,745:WARNING:Couldn't import cuml.neighbors.KNeighborsClassifier
2021-04-21 10:15:30,745:WARNING:Couldn't import cuml.MBSGDClassifier
2021-04-21 10:15:30,746:WARNING:Couldn't import cuml.svm.SVC
2021-04-21 10:15:30,772:WARNING:Couldn't import cuml.linear_model
2021-04-21 10:15:30,778:WARNING:Couldn't import cuml.ensemble
2021-04-21 10:15:30,800:INFO:Creating grid variables
2021-04-21 10:15:30,858:INFO:create_model_container: 0
2021-04-21 10:15:30,858:INFO:master_model_container: 0
2021-04-21 10:15:30,858:INFO:display_container: 1
2021-04-21 10:15:30,865:INFO:Pipeline(memory=None,
         steps=[('dtypes',
                 DataTypes_Auto_infer(categorical_features=[],
                                      display_types=True, features_todrop=[],
                                      id_columns=[],
                                      ml_usecase='classification',
                                      numerical_features=[], target='label',
                                      time_features=[])),
                ('imputer',
                 Simple_Imputer(categorical_strategy='not_available',
                                fill_value_categorical=None,
                                fill_value_numerical=None,
                                numeric_strate...
                ('scaling', 'passthrough'), ('P_transform', 'passthrough'),
                ('binn', 'passthrough'), ('rem_outliers', 'passthrough'),
                ('cluster_all', 'passthrough'),
                ('dummy', Dummify(target='label')),
                ('fix_perfect', Remove_100(target='label')),
                ('clean_names', Clean_Colum_Names()),
                ('feature_select', 'passthrough'), ('fix_multi', 'passthrough'),
                ('dfs', 'passthrough'), ('pca', 'passthrough')],
         verbose=False)
2021-04-21 10:15:30,865:INFO:setup() succesfully completed......................................
2021-04-21 10:16:26,236:INFO:Initializing compare_models()
2021-04-21 10:16:26,237:INFO:compare_models(include=None, fold=None, round=4, cross_validation=True, sort=AUC, n_select=1, budget_time=None, turbo=True, errors=ignore, fit_kwargs=None, groups=None, verbose=True, display=None, exclude=None)
2021-04-21 10:16:26,237:INFO:Checking exceptions
2021-04-21 10:16:26,239:INFO:Preparing display monitor
2021-04-21 10:16:26,240:INFO:Preparing display monitor
2021-04-21 10:16:26,275:INFO:Initializing Logistic Regression
2021-04-21 10:16:26,275:INFO:Total runtime is 1.931190490722656e-06 minutes
2021-04-21 10:16:26,286:INFO:SubProcess create_model() called ==================================
2021-04-21 10:16:26,287:INFO:Initializing create_model()
2021-04-21 10:16:26,287:INFO:create_model(estimator=lr, fold=StratifiedKFold(n_splits=10, random_state=None, shuffle=False), round=4, cross_validation=True, predict=True, fit_kwargs={}, groups=None, refit=False, verbose=False, system=False, metrics=None, display=<pycaret.internal.Display.Display object at 0x7f7dd866dad0>, kwargs={})
2021-04-21 10:16:26,287:INFO:Checking exceptions
2021-04-21 10:16:26,287:INFO:Importing libraries
2021-04-21 10:16:26,287:INFO:Copying training dataset
2021-04-21 10:16:26,288:INFO:Defining folds
2021-04-21 10:16:26,289:INFO:Declaring metric variables
2021-04-21 10:16:26,299:INFO:Importing untrained model
2021-04-21 10:16:26,309:INFO:Logistic Regression Imported succesfully
2021-04-21 10:16:26,330:INFO:Starting cross validation
2021-04-21 10:16:26,331:INFO:Cross validating with StratifiedKFold(n_splits=10, random_state=None, shuffle=False), n_jobs=1
2021-04-21 10:16:28,004:INFO:Calculating mean and std
2021-04-21 10:16:28,005:INFO:Creating metrics dataframe
2021-04-21 10:16:28,011:INFO:Uploading results into container
2021-04-21 10:16:28,011:INFO:Uploading model into container now
2021-04-21 10:16:28,011:INFO:create_model_container: 1
2021-04-21 10:16:28,011:INFO:master_model_container: 1
2021-04-21 10:16:28,011:INFO:display_container: 2
2021-04-21 10:16:28,012:INFO:LogisticRegression(C=1.0, class_weight=None, dual=False, fit_intercept=True,
                   intercept_scaling=1, l1_ratio=None, max_iter=1000,
                   multi_class='auto', n_jobs=None, penalty='l2',
                   random_state=1974, solver='lbfgs', tol=0.0001, verbose=0,
                   warm_start=False)
2021-04-21 10:16:28,012:INFO:create_model() succesfully completed......................................
2021-04-21 10:16:28,182:INFO:SubProcess create_model() end ==================================
2021-04-21 10:16:28,182:INFO:Creating metrics dataframe
2021-04-21 10:16:28,208:INFO:Initializing K Neighbors Classifier
2021-04-21 10:16:28,208:INFO:Total runtime is 0.03221401373545329 minutes
2021-04-21 10:16:28,220:INFO:SubProcess create_model() called ==================================
2021-04-21 10:16:28,220:INFO:Initializing create_model()
2021-04-21 10:16:28,220:INFO:create_model(estimator=knn, fold=StratifiedKFold(n_splits=10, random_state=None, shuffle=False), round=4, cross_validation=True, predict=True, fit_kwargs={}, groups=None, refit=False, verbose=False, system=False, metrics=None, display=<pycaret.internal.Display.Display object at 0x7f7dd866dad0>, kwargs={})
2021-04-21 10:16:28,221:INFO:Checking exceptions
2021-04-21 10:16:28,221:INFO:Importing libraries
2021-04-21 10:16:28,221:INFO:Copying training dataset
2021-04-21 10:16:28,222:INFO:Defining folds
2021-04-21 10:16:28,222:INFO:Declaring metric variables
2021-04-21 10:16:28,232:INFO:Importing untrained model
2021-04-21 10:16:28,242:INFO:K Neighbors Classifier Imported succesfully
2021-04-21 10:16:28,263:INFO:Starting cross validation
2021-04-21 10:16:28,264:INFO:Cross validating with StratifiedKFold(n_splits=10, random_state=None, shuffle=False), n_jobs=1
2021-04-21 10:16:31,616:INFO:Calculating mean and std
2021-04-21 10:16:31,618:INFO:Creating metrics dataframe
2021-04-21 10:16:31,624:INFO:Uploading results into container
2021-04-21 10:16:31,624:INFO:Uploading model into container now
2021-04-21 10:16:31,625:INFO:create_model_container: 2
2021-04-21 10:16:31,625:INFO:master_model_container: 2
2021-04-21 10:16:31,625:INFO:display_container: 2
2021-04-21 10:16:31,625:INFO:KNeighborsClassifier(algorithm='auto', leaf_size=30, metric='minkowski',
                     metric_params=None, n_jobs=-1, n_neighbors=5, p=2,
                     weights='uniform')
2021-04-21 10:16:31,625:INFO:create_model() succesfully completed......................................
2021-04-21 10:16:31,804:INFO:SubProcess create_model() end ==================================
2021-04-21 10:16:31,805:INFO:Creating metrics dataframe
2021-04-21 10:16:31,830:INFO:Initializing Naive Bayes
2021-04-21 10:16:31,831:INFO:Total runtime is 0.09258829355239868 minutes
2021-04-21 10:16:31,841:INFO:SubProcess create_model() called ==================================
2021-04-21 10:16:31,841:INFO:Initializing create_model()
2021-04-21 10:16:31,841:INFO:create_model(estimator=nb, fold=StratifiedKFold(n_splits=10, random_state=None, shuffle=False), round=4, cross_validation=True, predict=True, fit_kwargs={}, groups=None, refit=False, verbose=False, system=False, metrics=None, display=<pycaret.internal.Display.Display object at 0x7f7dd866dad0>, kwargs={})
2021-04-21 10:16:31,842:INFO:Checking exceptions
2021-04-21 10:16:31,842:INFO:Importing libraries
2021-04-21 10:16:31,842:INFO:Copying training dataset
2021-04-21 10:16:31,843:INFO:Defining folds
2021-04-21 10:16:31,844:INFO:Declaring metric variables
2021-04-21 10:16:31,854:INFO:Importing untrained model
2021-04-21 10:16:31,864:INFO:Naive Bayes Imported succesfully
2021-04-21 10:16:31,884:INFO:Starting cross validation
2021-04-21 10:16:31,885:INFO:Cross validating with StratifiedKFold(n_splits=10, random_state=None, shuffle=False), n_jobs=1
2021-04-21 10:16:32,129:INFO:Calculating mean and std
2021-04-21 10:16:32,130:INFO:Creating metrics dataframe
2021-04-21 10:16:32,136:INFO:Uploading results into container
2021-04-21 10:16:32,136:INFO:Uploading model into container now
2021-04-21 10:16:32,136:INFO:create_model_container: 3
2021-04-21 10:16:32,136:INFO:master_model_container: 3
2021-04-21 10:16:32,136:INFO:display_container: 2
2021-04-21 10:16:32,136:INFO:GaussianNB(priors=None, var_smoothing=1e-09)
2021-04-21 10:16:32,136:INFO:create_model() succesfully completed......................................
2021-04-21 10:16:32,301:INFO:SubProcess create_model() end ==================================
2021-04-21 10:16:32,301:INFO:Creating metrics dataframe
2021-04-21 10:16:32,329:INFO:Initializing Decision Tree Classifier
2021-04-21 10:16:32,330:INFO:Total runtime is 0.10090616941452027 minutes
2021-04-21 10:16:32,341:INFO:SubProcess create_model() called ==================================
2021-04-21 10:16:32,341:INFO:Initializing create_model()
2021-04-21 10:16:32,341:INFO:create_model(estimator=dt, fold=StratifiedKFold(n_splits=10, random_state=None, shuffle=False), round=4, cross_validation=True, predict=True, fit_kwargs={}, groups=None, refit=False, verbose=False, system=False, metrics=None, display=<pycaret.internal.Display.Display object at 0x7f7dd866dad0>, kwargs={})
2021-04-21 10:16:32,341:INFO:Checking exceptions
2021-04-21 10:16:32,341:INFO:Importing libraries
2021-04-21 10:16:32,341:INFO:Copying training dataset
2021-04-21 10:16:32,342:INFO:Defining folds
2021-04-21 10:16:32,342:INFO:Declaring metric variables
2021-04-21 10:16:32,353:INFO:Importing untrained model
2021-04-21 10:16:32,364:INFO:Decision Tree Classifier Imported succesfully
2021-04-21 10:16:32,385:INFO:Starting cross validation
2021-04-21 10:16:32,386:INFO:Cross validating with StratifiedKFold(n_splits=10, random_state=None, shuffle=False), n_jobs=1
2021-04-21 10:16:35,601:INFO:Calculating mean and std
2021-04-21 10:16:35,603:INFO:Creating metrics dataframe
2021-04-21 10:16:35,609:INFO:Uploading results into container
2021-04-21 10:16:35,609:INFO:Uploading model into container now
2021-04-21 10:16:35,609:INFO:create_model_container: 4
2021-04-21 10:16:35,609:INFO:master_model_container: 4
2021-04-21 10:16:35,610:INFO:display_container: 2
2021-04-21 10:16:35,610:INFO:DecisionTreeClassifier(ccp_alpha=0.0, class_weight=None, criterion='gini',
                       max_depth=None, max_features=None, max_leaf_nodes=None,
                       min_impurity_decrease=0.0, min_impurity_split=None,
                       min_samples_leaf=1, min_samples_split=2,
                       min_weight_fraction_leaf=0.0, presort='deprecated',
                       random_state=1974, splitter='best')
2021-04-21 10:16:35,610:INFO:create_model() succesfully completed......................................
2021-04-21 10:16:35,772:INFO:SubProcess create_model() end ==================================
2021-04-21 10:16:35,772:INFO:Creating metrics dataframe
2021-04-21 10:16:35,799:INFO:Initializing SVM - Linear Kernel
2021-04-21 10:16:35,800:INFO:Total runtime is 0.15873920917510986 minutes
2021-04-21 10:16:35,811:INFO:SubProcess create_model() called ==================================
2021-04-21 10:16:35,811:INFO:Initializing create_model()
2021-04-21 10:16:35,812:INFO:create_model(estimator=svm, fold=StratifiedKFold(n_splits=10, random_state=None, shuffle=False), round=4, cross_validation=True, predict=True, fit_kwargs={}, groups=None, refit=False, verbose=False, system=False, metrics=None, display=<pycaret.internal.Display.Display object at 0x7f7dd866dad0>, kwargs={})
2021-04-21 10:16:35,812:INFO:Checking exceptions
2021-04-21 10:16:35,812:INFO:Importing libraries
2021-04-21 10:16:35,812:INFO:Copying training dataset
2021-04-21 10:16:35,813:INFO:Defining folds
2021-04-21 10:16:35,813:INFO:Declaring metric variables
2021-04-21 10:16:35,824:INFO:Importing untrained model
2021-04-21 10:16:35,836:INFO:SVM - Linear Kernel Imported succesfully
2021-04-21 10:16:35,857:INFO:Starting cross validation
2021-04-21 10:16:35,858:INFO:Cross validating with StratifiedKFold(n_splits=10, random_state=None, shuffle=False), n_jobs=1
2021-04-21 10:16:36,688:INFO:Calculating mean and std
2021-04-21 10:16:36,689:INFO:Creating metrics dataframe
2021-04-21 10:16:36,695:INFO:Uploading results into container
2021-04-21 10:16:36,695:INFO:Uploading model into container now
2021-04-21 10:16:36,695:INFO:create_model_container: 5
2021-04-21 10:16:36,695:INFO:master_model_container: 5
2021-04-21 10:16:36,695:INFO:display_container: 2
2021-04-21 10:16:36,696:INFO:SGDClassifier(alpha=0.0001, average=False, class_weight=None,
              early_stopping=False, epsilon=0.1, eta0=0.001, fit_intercept=True,
              l1_ratio=0.15, learning_rate='optimal', loss='hinge',
              max_iter=1000, n_iter_no_change=5, n_jobs=-1, penalty='l2',
              power_t=0.5, random_state=1974, shuffle=True, tol=0.001,
              validation_fraction=0.1, verbose=0, warm_start=False)
2021-04-21 10:16:36,696:INFO:create_model() succesfully completed......................................
2021-04-21 10:16:36,852:INFO:SubProcess create_model() end ==================================
2021-04-21 10:16:36,852:INFO:Creating metrics dataframe
2021-04-21 10:16:36,878:INFO:Initializing Ridge Classifier
2021-04-21 10:16:36,878:INFO:Total runtime is 0.17671967347462972 minutes
2021-04-21 10:16:36,889:INFO:SubProcess create_model() called ==================================
2021-04-21 10:16:36,890:INFO:Initializing create_model()
2021-04-21 10:16:36,890:INFO:create_model(estimator=ridge, fold=StratifiedKFold(n_splits=10, random_state=None, shuffle=False), round=4, cross_validation=True, predict=True, fit_kwargs={}, groups=None, refit=False, verbose=False, system=False, metrics=None, display=<pycaret.internal.Display.Display object at 0x7f7dd866dad0>, kwargs={})
2021-04-21 10:16:36,890:INFO:Checking exceptions
2021-04-21 10:16:36,890:INFO:Importing libraries
2021-04-21 10:16:36,890:INFO:Copying training dataset
2021-04-21 10:16:36,891:INFO:Defining folds
2021-04-21 10:16:36,891:INFO:Declaring metric variables
2021-04-21 10:16:36,901:INFO:Importing untrained model
2021-04-21 10:16:36,911:INFO:Ridge Classifier Imported succesfully
2021-04-21 10:16:36,931:INFO:Starting cross validation
2021-04-21 10:16:36,932:INFO:Cross validating with StratifiedKFold(n_splits=10, random_state=None, shuffle=False), n_jobs=1
2021-04-21 10:16:37,156:INFO:Calculating mean and std
2021-04-21 10:16:37,157:INFO:Creating metrics dataframe
2021-04-21 10:16:37,163:INFO:Uploading results into container
2021-04-21 10:16:37,163:INFO:Uploading model into container now
2021-04-21 10:16:37,163:INFO:create_model_container: 6
2021-04-21 10:16:37,163:INFO:master_model_container: 6
2021-04-21 10:16:37,164:INFO:display_container: 2
2021-04-21 10:16:37,164:INFO:RidgeClassifier(alpha=1.0, class_weight=None, copy_X=True, fit_intercept=True,
                max_iter=None, normalize=False, random_state=1974,
                solver='auto', tol=0.001)
2021-04-21 10:16:37,164:INFO:create_model() succesfully completed......................................
2021-04-21 10:16:37,321:INFO:SubProcess create_model() end ==================================
2021-04-21 10:16:37,321:INFO:Creating metrics dataframe
2021-04-21 10:16:37,349:INFO:Initializing Random Forest Classifier
2021-04-21 10:16:37,349:INFO:Total runtime is 0.1845611572265625 minutes
2021-04-21 10:16:37,361:INFO:SubProcess create_model() called ==================================
2021-04-21 10:16:37,362:INFO:Initializing create_model()
2021-04-21 10:16:37,362:INFO:create_model(estimator=rf, fold=StratifiedKFold(n_splits=10, random_state=None, shuffle=False), round=4, cross_validation=True, predict=True, fit_kwargs={}, groups=None, refit=False, verbose=False, system=False, metrics=None, display=<pycaret.internal.Display.Display object at 0x7f7dd866dad0>, kwargs={})
2021-04-21 10:16:37,362:INFO:Checking exceptions
2021-04-21 10:16:37,362:INFO:Importing libraries
2021-04-21 10:16:37,362:INFO:Copying training dataset
2021-04-21 10:16:37,363:INFO:Defining folds
2021-04-21 10:16:37,363:INFO:Declaring metric variables
2021-04-21 10:16:37,373:INFO:Importing untrained model
2021-04-21 10:16:37,383:INFO:Random Forest Classifier Imported succesfully
2021-04-21 10:16:37,403:INFO:Starting cross validation
2021-04-21 10:16:37,403:INFO:Cross validating with StratifiedKFold(n_splits=10, random_state=None, shuffle=False), n_jobs=1
2021-04-21 10:16:49,775:INFO:Calculating mean and std
2021-04-21 10:16:49,777:INFO:Creating metrics dataframe
2021-04-21 10:16:49,782:INFO:Uploading results into container
2021-04-21 10:16:49,782:INFO:Uploading model into container now
2021-04-21 10:16:49,782:INFO:create_model_container: 7
2021-04-21 10:16:49,782:INFO:master_model_container: 7
2021-04-21 10:16:49,782:INFO:display_container: 2
2021-04-21 10:16:49,783:INFO:RandomForestClassifier(bootstrap=True, ccp_alpha=0.0, class_weight=None,
                       criterion='gini', max_depth=None, max_features='auto',
                       max_leaf_nodes=None, max_samples=None,
                       min_impurity_decrease=0.0, min_impurity_split=None,
                       min_samples_leaf=1, min_samples_split=2,
                       min_weight_fraction_leaf=0.0, n_estimators=100,
                       n_jobs=-1, oob_score=False, random_state=1974, verbose=0,
                       warm_start=False)
2021-04-21 10:16:49,783:INFO:create_model() succesfully completed......................................
2021-04-21 10:16:49,930:INFO:SubProcess create_model() end ==================================
2021-04-21 10:16:49,930:INFO:Creating metrics dataframe
2021-04-21 10:16:49,954:INFO:Initializing Quadratic Discriminant Analysis
2021-04-21 10:16:49,955:INFO:Total runtime is 0.39465690453847246 minutes
2021-04-21 10:16:49,964:INFO:SubProcess create_model() called ==================================
2021-04-21 10:16:49,965:INFO:Initializing create_model()
2021-04-21 10:16:49,965:INFO:create_model(estimator=qda, fold=StratifiedKFold(n_splits=10, random_state=None, shuffle=False), round=4, cross_validation=True, predict=True, fit_kwargs={}, groups=None, refit=False, verbose=False, system=False, metrics=None, display=<pycaret.internal.Display.Display object at 0x7f7dd866dad0>, kwargs={})
2021-04-21 10:16:49,965:INFO:Checking exceptions
2021-04-21 10:16:49,965:INFO:Importing libraries
2021-04-21 10:16:49,965:INFO:Copying training dataset
2021-04-21 10:16:49,966:INFO:Defining folds
2021-04-21 10:16:49,967:INFO:Declaring metric variables
2021-04-21 10:16:49,976:INFO:Importing untrained model
2021-04-21 10:16:49,986:INFO:Quadratic Discriminant Analysis Imported succesfully
2021-04-21 10:16:50,005:INFO:Starting cross validation
2021-04-21 10:16:50,006:INFO:Cross validating with StratifiedKFold(n_splits=10, random_state=None, shuffle=False), n_jobs=1
2021-04-21 10:16:50,485:INFO:Calculating mean and std
2021-04-21 10:16:50,487:INFO:Creating metrics dataframe
2021-04-21 10:16:50,494:INFO:Uploading results into container
2021-04-21 10:16:50,495:INFO:Uploading model into container now
2021-04-21 10:16:50,496:INFO:create_model_container: 8
2021-04-21 10:16:50,496:INFO:master_model_container: 8
2021-04-21 10:16:50,497:INFO:display_container: 2
2021-04-21 10:16:50,497:INFO:QuadraticDiscriminantAnalysis(priors=None, reg_param=0.0,
                              store_covariance=False, tol=0.0001)
2021-04-21 10:16:50,498:INFO:create_model() succesfully completed......................................
2021-04-21 10:16:50,643:INFO:SubProcess create_model() end ==================================
2021-04-21 10:16:50,644:INFO:Creating metrics dataframe
2021-04-21 10:16:50,668:INFO:Initializing Ada Boost Classifier
2021-04-21 10:16:50,669:INFO:Total runtime is 0.4065557797749837 minutes
2021-04-21 10:16:50,679:INFO:SubProcess create_model() called ==================================
2021-04-21 10:16:50,680:INFO:Initializing create_model()
2021-04-21 10:16:50,680:INFO:create_model(estimator=ada, fold=StratifiedKFold(n_splits=10, random_state=None, shuffle=False), round=4, cross_validation=True, predict=True, fit_kwargs={}, groups=None, refit=False, verbose=False, system=False, metrics=None, display=<pycaret.internal.Display.Display object at 0x7f7dd866dad0>, kwargs={})
2021-04-21 10:16:50,680:INFO:Checking exceptions
2021-04-21 10:16:50,681:INFO:Importing libraries
2021-04-21 10:16:50,681:INFO:Copying training dataset
2021-04-21 10:16:50,682:INFO:Defining folds
2021-04-21 10:16:50,682:INFO:Declaring metric variables
2021-04-21 10:16:50,691:INFO:Importing untrained model
2021-04-21 10:16:50,700:INFO:Ada Boost Classifier Imported succesfully
2021-04-21 10:16:50,718:INFO:Starting cross validation
2021-04-21 10:16:50,718:INFO:Cross validating with StratifiedKFold(n_splits=10, random_state=None, shuffle=False), n_jobs=1
2021-04-21 10:17:05,124:INFO:Calculating mean and std
2021-04-21 10:17:05,125:INFO:Creating metrics dataframe
2021-04-21 10:17:05,130:INFO:Uploading results into container
2021-04-21 10:17:05,131:INFO:Uploading model into container now
2021-04-21 10:17:05,131:INFO:create_model_container: 9
2021-04-21 10:17:05,131:INFO:master_model_container: 9
2021-04-21 10:17:05,131:INFO:display_container: 2
2021-04-21 10:17:05,131:INFO:AdaBoostClassifier(algorithm='SAMME.R', base_estimator=None, learning_rate=1.0,
                   n_estimators=50, random_state=1974)
2021-04-21 10:17:05,131:INFO:create_model() succesfully completed......................................
2021-04-21 10:17:05,275:INFO:SubProcess create_model() end ==================================
2021-04-21 10:17:05,276:INFO:Creating metrics dataframe
2021-04-21 10:17:05,300:INFO:Initializing Gradient Boosting Classifier
2021-04-21 10:17:05,301:INFO:Total runtime is 0.6504234989484151 minutes
2021-04-21 10:17:05,310:INFO:SubProcess create_model() called ==================================
2021-04-21 10:17:05,311:INFO:Initializing create_model()
2021-04-21 10:17:05,311:INFO:create_model(estimator=gbc, fold=StratifiedKFold(n_splits=10, random_state=None, shuffle=False), round=4, cross_validation=True, predict=True, fit_kwargs={}, groups=None, refit=False, verbose=False, system=False, metrics=None, display=<pycaret.internal.Display.Display object at 0x7f7dd866dad0>, kwargs={})
2021-04-21 10:17:05,311:INFO:Checking exceptions
2021-04-21 10:17:05,311:INFO:Importing libraries
2021-04-21 10:17:05,311:INFO:Copying training dataset
2021-04-21 10:17:05,312:INFO:Defining folds
2021-04-21 10:17:05,312:INFO:Declaring metric variables
2021-04-21 10:17:05,321:INFO:Importing untrained model
2021-04-21 10:17:05,330:INFO:Gradient Boosting Classifier Imported succesfully
2021-04-21 10:17:05,347:INFO:Starting cross validation
2021-04-21 10:17:05,348:INFO:Cross validating with StratifiedKFold(n_splits=10, random_state=None, shuffle=False), n_jobs=1
2021-04-21 10:18:13,401:INFO:Calculating mean and std
2021-04-21 10:18:13,402:INFO:Creating metrics dataframe
2021-04-21 10:18:13,407:INFO:Uploading results into container
2021-04-21 10:18:13,408:INFO:Uploading model into container now
2021-04-21 10:18:13,408:INFO:create_model_container: 10
2021-04-21 10:18:13,408:INFO:master_model_container: 10
2021-04-21 10:18:13,408:INFO:display_container: 2
2021-04-21 10:18:13,408:INFO:GradientBoostingClassifier(ccp_alpha=0.0, criterion='friedman_mse', init=None,
                           learning_rate=0.1, loss='deviance', max_depth=3,
                           max_features=None, max_leaf_nodes=None,
                           min_impurity_decrease=0.0, min_impurity_split=None,
                           min_samples_leaf=1, min_samples_split=2,
                           min_weight_fraction_leaf=0.0, n_estimators=100,
                           n_iter_no_change=None, presort='deprecated',
                           random_state=1974, subsample=1.0, tol=0.0001,
                           validation_fraction=0.1, verbose=0,
                           warm_start=False)
2021-04-21 10:18:13,409:INFO:create_model() succesfully completed......................................
2021-04-21 10:18:13,569:INFO:SubProcess create_model() end ==================================
2021-04-21 10:18:13,569:INFO:Creating metrics dataframe
2021-04-21 10:18:13,596:INFO:Initializing Linear Discriminant Analysis
2021-04-21 10:18:13,596:INFO:Total runtime is 1.7886846303939818 minutes
2021-04-21 10:18:13,606:INFO:SubProcess create_model() called ==================================
2021-04-21 10:18:13,607:INFO:Initializing create_model()
2021-04-21 10:18:13,607:INFO:create_model(estimator=lda, fold=StratifiedKFold(n_splits=10, random_state=None, shuffle=False), round=4, cross_validation=True, predict=True, fit_kwargs={}, groups=None, refit=False, verbose=False, system=False, metrics=None, display=<pycaret.internal.Display.Display object at 0x7f7dd866dad0>, kwargs={})
2021-04-21 10:18:13,607:INFO:Checking exceptions
2021-04-21 10:18:13,607:INFO:Importing libraries
2021-04-21 10:18:13,607:INFO:Copying training dataset
2021-04-21 10:18:13,608:INFO:Defining folds
2021-04-21 10:18:13,608:INFO:Declaring metric variables
2021-04-21 10:18:13,617:INFO:Importing untrained model
2021-04-21 10:18:13,627:INFO:Linear Discriminant Analysis Imported succesfully
2021-04-21 10:18:13,646:INFO:Starting cross validation
2021-04-21 10:18:13,647:INFO:Cross validating with StratifiedKFold(n_splits=10, random_state=None, shuffle=False), n_jobs=1
2021-04-21 10:18:14,716:INFO:Calculating mean and std
2021-04-21 10:18:14,726:INFO:Creating metrics dataframe
2021-04-21 10:18:14,737:INFO:Uploading results into container
2021-04-21 10:18:14,740:INFO:Uploading model into container now
2021-04-21 10:18:14,740:INFO:create_model_container: 11
2021-04-21 10:18:14,741:INFO:master_model_container: 11
2021-04-21 10:18:14,741:INFO:display_container: 2
2021-04-21 10:18:14,742:INFO:LinearDiscriminantAnalysis(n_components=None, priors=None, shrinkage=None,
                           solver='svd', store_covariance=False, tol=0.0001)
2021-04-21 10:18:14,743:INFO:create_model() succesfully completed......................................
2021-04-21 10:18:14,931:INFO:SubProcess create_model() end ==================================
2021-04-21 10:18:14,932:INFO:Creating metrics dataframe
2021-04-21 10:18:14,959:INFO:Initializing Extra Trees Classifier
2021-04-21 10:18:14,959:INFO:Total runtime is 1.8114021698633829 minutes
2021-04-21 10:18:14,969:INFO:SubProcess create_model() called ==================================
2021-04-21 10:18:14,970:INFO:Initializing create_model()
2021-04-21 10:18:14,970:INFO:create_model(estimator=et, fold=StratifiedKFold(n_splits=10, random_state=None, shuffle=False), round=4, cross_validation=True, predict=True, fit_kwargs={}, groups=None, refit=False, verbose=False, system=False, metrics=None, display=<pycaret.internal.Display.Display object at 0x7f7dd866dad0>, kwargs={})
2021-04-21 10:18:14,970:INFO:Checking exceptions
2021-04-21 10:18:14,970:INFO:Importing libraries
2021-04-21 10:18:14,970:INFO:Copying training dataset
2021-04-21 10:18:14,971:INFO:Defining folds
2021-04-21 10:18:14,971:INFO:Declaring metric variables
2021-04-21 10:18:14,981:INFO:Importing untrained model
2021-04-21 10:18:14,991:INFO:Extra Trees Classifier Imported succesfully
2021-04-21 10:18:15,010:INFO:Starting cross validation
2021-04-21 10:18:15,011:INFO:Cross validating with StratifiedKFold(n_splits=10, random_state=None, shuffle=False), n_jobs=1
2021-04-21 10:18:25,889:INFO:Calculating mean and std
2021-04-21 10:18:25,890:INFO:Creating metrics dataframe
2021-04-21 10:18:25,895:INFO:Uploading results into container
2021-04-21 10:18:25,895:INFO:Uploading model into container now
2021-04-21 10:18:25,896:INFO:create_model_container: 12
2021-04-21 10:18:25,896:INFO:master_model_container: 12
2021-04-21 10:18:25,896:INFO:display_container: 2
2021-04-21 10:18:25,896:INFO:ExtraTreesClassifier(bootstrap=False, ccp_alpha=0.0, class_weight=None,
                     criterion='gini', max_depth=None, max_features='auto',
                     max_leaf_nodes=None, max_samples=None,
                     min_impurity_decrease=0.0, min_impurity_split=None,
                     min_samples_leaf=1, min_samples_split=2,
                     min_weight_fraction_leaf=0.0, n_estimators=100, n_jobs=-1,
                     oob_score=False, random_state=1974, verbose=0,
                     warm_start=False)
2021-04-21 10:18:25,896:INFO:create_model() succesfully completed......................................
2021-04-21 10:18:26,047:INFO:SubProcess create_model() end ==================================
2021-04-21 10:18:26,048:INFO:Creating metrics dataframe
2021-04-21 10:18:26,076:INFO:Initializing Extreme Gradient Boosting
2021-04-21 10:18:26,077:INFO:Total runtime is 1.9966899593671161 minutes
2021-04-21 10:18:26,086:INFO:SubProcess create_model() called ==================================
2021-04-21 10:18:26,087:INFO:Initializing create_model()
2021-04-21 10:18:26,087:INFO:create_model(estimator=xgboost, fold=StratifiedKFold(n_splits=10, random_state=None, shuffle=False), round=4, cross_validation=True, predict=True, fit_kwargs={}, groups=None, refit=False, verbose=False, system=False, metrics=None, display=<pycaret.internal.Display.Display object at 0x7f7dd866dad0>, kwargs={})
2021-04-21 10:18:26,087:INFO:Checking exceptions
2021-04-21 10:18:26,087:INFO:Importing libraries
2021-04-21 10:18:26,087:INFO:Copying training dataset
2021-04-21 10:18:26,088:INFO:Defining folds
2021-04-21 10:18:26,089:INFO:Declaring metric variables
2021-04-21 10:18:26,098:INFO:Importing untrained model
2021-04-21 10:18:26,108:INFO:Extreme Gradient Boosting Imported succesfully
2021-04-21 10:18:26,128:INFO:Starting cross validation
2021-04-21 10:18:26,130:INFO:Cross validating with StratifiedKFold(n_splits=10, random_state=None, shuffle=False), n_jobs=1
2021-04-21 10:18:37,015:INFO:Calculating mean and std
2021-04-21 10:18:37,016:INFO:Creating metrics dataframe
2021-04-21 10:18:37,022:INFO:Uploading results into container
2021-04-21 10:18:37,022:INFO:Uploading model into container now
2021-04-21 10:18:37,022:INFO:create_model_container: 13
2021-04-21 10:18:37,023:INFO:master_model_container: 13
2021-04-21 10:18:37,023:INFO:display_container: 2
2021-04-21 10:18:37,023:INFO:XGBClassifier(base_score=None, booster='gbtree', colsample_bylevel=None,
              colsample_bynode=None, colsample_bytree=None, gamma=None,
              gpu_id=None, importance_type='gain', interaction_constraints=None,
              learning_rate=None, max_delta_step=None, max_depth=None,
              min_child_weight=None, missing=nan, monotone_constraints=None,
              n_estimators=100, n_jobs=-1, num_parallel_tree=None,
              objective='binary:logistic', random_state=1974, reg_alpha=None,
              reg_lambda=None, scale_pos_weight=None, subsample=None,
              tree_method='gpu_hist', use_label_encoder=True,
              validate_parameters=None, verbosity=0)
2021-04-21 10:18:37,024:INFO:create_model() succesfully completed......................................
2021-04-21 10:18:37,167:INFO:SubProcess create_model() end ==================================
2021-04-21 10:18:37,167:INFO:Creating metrics dataframe
2021-04-21 10:18:37,193:INFO:Initializing Light Gradient Boosting Machine
2021-04-21 10:18:37,193:INFO:Total runtime is 2.181970171133677 minutes
2021-04-21 10:18:37,203:INFO:SubProcess create_model() called ==================================
2021-04-21 10:18:37,203:INFO:Initializing create_model()
2021-04-21 10:18:37,204:INFO:create_model(estimator=lightgbm, fold=StratifiedKFold(n_splits=10, random_state=None, shuffle=False), round=4, cross_validation=True, predict=True, fit_kwargs={}, groups=None, refit=False, verbose=False, system=False, metrics=None, display=<pycaret.internal.Display.Display object at 0x7f7dd866dad0>, kwargs={})
2021-04-21 10:18:37,204:INFO:Checking exceptions
2021-04-21 10:18:37,204:INFO:Importing libraries
2021-04-21 10:18:37,204:INFO:Copying training dataset
2021-04-21 10:18:37,205:INFO:Defining folds
2021-04-21 10:18:37,205:INFO:Declaring metric variables
2021-04-21 10:18:37,214:INFO:Importing untrained model
2021-04-21 10:18:37,224:INFO:Light Gradient Boosting Machine Imported succesfully
2021-04-21 10:18:37,242:INFO:Starting cross validation
2021-04-21 10:18:37,243:INFO:Cross validating with StratifiedKFold(n_splits=10, random_state=None, shuffle=False), n_jobs=1
2021-04-21 10:18:40,559:INFO:Calculating mean and std
2021-04-21 10:18:40,561:INFO:Creating metrics dataframe
2021-04-21 10:18:40,567:INFO:Uploading results into container
2021-04-21 10:18:40,567:INFO:Uploading model into container now
2021-04-21 10:18:40,567:INFO:create_model_container: 14
2021-04-21 10:18:40,567:INFO:master_model_container: 14
2021-04-21 10:18:40,567:INFO:display_container: 2
2021-04-21 10:18:40,568:INFO:LGBMClassifier(boosting_type='gbdt', class_weight=None, colsample_bytree=1.0,
               importance_type='split', learning_rate=0.1, max_depth=-1,
               min_child_samples=20, min_child_weight=0.001, min_split_gain=0.0,
               n_estimators=100, n_jobs=-1, num_leaves=31, objective=None,
               random_state=1974, reg_alpha=0.0, reg_lambda=0.0, silent=True,
               subsample=1.0, subsample_for_bin=200000, subsample_freq=0)
2021-04-21 10:18:40,568:INFO:create_model() succesfully completed......................................
2021-04-21 10:18:40,724:INFO:SubProcess create_model() end ==================================
2021-04-21 10:18:40,725:INFO:Creating metrics dataframe
2021-04-21 10:18:40,755:INFO:Initializing CatBoost Classifier
2021-04-21 10:18:40,755:INFO:Total runtime is 2.2413285692532856 minutes
2021-04-21 10:18:40,766:INFO:SubProcess create_model() called ==================================
2021-04-21 10:18:40,766:INFO:Initializing create_model()
2021-04-21 10:18:40,766:INFO:create_model(estimator=catboost, fold=StratifiedKFold(n_splits=10, random_state=None, shuffle=False), round=4, cross_validation=True, predict=True, fit_kwargs={}, groups=None, refit=False, verbose=False, system=False, metrics=None, display=<pycaret.internal.Display.Display object at 0x7f7dd866dad0>, kwargs={})
2021-04-21 10:18:40,766:INFO:Checking exceptions
2021-04-21 10:18:40,766:INFO:Importing libraries
2021-04-21 10:18:40,767:INFO:Copying training dataset
2021-04-21 10:18:40,768:INFO:Defining folds
2021-04-21 10:18:40,768:INFO:Declaring metric variables
2021-04-21 10:18:40,777:INFO:Importing untrained model
2021-04-21 10:18:40,786:INFO:CatBoost Classifier Imported succesfully
2021-04-21 10:18:40,806:INFO:Starting cross validation
2021-04-21 10:18:40,807:INFO:Cross validating with StratifiedKFold(n_splits=10, random_state=None, shuffle=False), n_jobs=1
2021-04-21 10:19:53,985:INFO:Calculating mean and std
2021-04-21 10:19:53,986:INFO:Creating metrics dataframe
2021-04-21 10:19:53,992:INFO:Uploading results into container
2021-04-21 10:19:53,992:INFO:Uploading model into container now
2021-04-21 10:19:53,992:INFO:create_model_container: 15
2021-04-21 10:19:53,992:INFO:master_model_container: 15
2021-04-21 10:19:53,992:INFO:display_container: 2
2021-04-21 10:19:53,992:INFO:<catboost.core.CatBoostClassifier object at 0x7f7dfc097310>
2021-04-21 10:19:53,992:INFO:create_model() succesfully completed......................................
2021-04-21 10:19:54,147:INFO:SubProcess create_model() end ==================================
2021-04-21 10:19:54,147:INFO:Creating metrics dataframe
2021-04-21 10:19:54,202:INFO:Initializing create_model()
2021-04-21 10:19:54,203:INFO:create_model(estimator=<catboost.core.CatBoostClassifier object at 0x7f7dfc097310>, fold=StratifiedKFold(n_splits=10, random_state=None, shuffle=False), round=4, cross_validation=False, predict=False, fit_kwargs={}, groups=None, refit=True, verbose=False, system=False, metrics=None, display=None, kwargs={})
2021-04-21 10:19:54,203:INFO:Checking exceptions
2021-04-21 10:19:54,203:INFO:Importing libraries
2021-04-21 10:19:54,203:INFO:Copying training dataset
2021-04-21 10:19:54,204:INFO:Defining folds
2021-04-21 10:19:54,204:INFO:Declaring metric variables
2021-04-21 10:19:54,204:INFO:Importing untrained model
2021-04-21 10:19:54,204:INFO:Declaring custom model
2021-04-21 10:19:54,204:INFO:CatBoost Classifier Imported succesfully
2021-04-21 10:19:54,204:INFO:Cross validation set to False
2021-04-21 10:19:54,205:INFO:Fitting Model
2021-04-21 10:20:01,083:INFO:<catboost.core.CatBoostClassifier object at 0x7f7dfc0b5490>
2021-04-21 10:20:01,083:INFO:create_models() succesfully completed......................................
2021-04-21 10:20:01,292:INFO:create_model_container: 15
2021-04-21 10:20:01,292:INFO:master_model_container: 15
2021-04-21 10:20:01,292:INFO:display_container: 2
2021-04-21 10:20:01,292:INFO:<catboost.core.CatBoostClassifier object at 0x7f7dfc0b5490>
2021-04-21 10:20:01,292:INFO:compare_models() succesfully completed......................................
2021-04-21 10:27:34,722:INFO:Initializing tune_model()
2021-04-21 10:27:34,723:INFO:tune_model(estimator=<catboost.core.CatBoostClassifier object at 0x7f7dfc0b5490>, fold=None, round=4, n_iter=10, custom_grid=None, optimize=Accuracy, custom_scorer=None, search_library=scikit-learn, search_algorithm=None, early_stopping=False, early_stopping_max_iters=10, choose_better=False, fit_kwargs=None, groups=None, return_tuner=False, verbose=True, tuner_verbose=True, display=None, kwargs={})
2021-04-21 10:27:34,723:INFO:Checking exceptions
2021-04-21 10:27:34,725:INFO:Preparing display monitor
2021-04-21 10:27:34,748:INFO:Copying training dataset
2021-04-21 10:27:34,750:INFO:Checking base model
2021-04-21 10:27:34,750:INFO:Base model : CatBoost Classifier
2021-04-21 10:27:34,760:INFO:Declaring metric variables
2021-04-21 10:27:34,770:INFO:Defining Hyperparameters
2021-04-21 10:27:34,938:INFO:Tuning with n_jobs=-1
2021-04-21 10:27:34,938:INFO:Initializing RandomizedSearchCV
2021-04-21 10:29:08,970:INFO:best_params: {'actual_estimator__random_strength': 0.5, 'actual_estimator__n_estimators': 250, 'actual_estimator__l2_leaf_reg': 2, 'actual_estimator__eta': 0.15, 'actual_estimator__depth': 4}
2021-04-21 10:29:08,972:INFO:Hyperparameter search completed
2021-04-21 10:29:08,972:INFO:SubProcess create_model() called ==================================
2021-04-21 10:29:08,973:INFO:Initializing create_model()
2021-04-21 10:29:08,973:INFO:create_model(estimator=<catboost.core.CatBoostClassifier object at 0x7f7dfc1bd790>, fold=StratifiedKFold(n_splits=10, random_state=None, shuffle=False), round=4, cross_validation=True, predict=True, fit_kwargs={}, groups=None, refit=True, verbose=True, system=False, metrics=None, display=<pycaret.internal.Display.Display object at 0x7f7dfeb59350>, kwargs={'random_strength': 0.5, 'n_estimators': 250, 'l2_leaf_reg': 2, 'eta': 0.15, 'depth': 4})
2021-04-21 10:29:08,973:INFO:Checking exceptions
2021-04-21 10:29:08,973:INFO:Importing libraries
2021-04-21 10:29:08,973:INFO:Copying training dataset
2021-04-21 10:29:08,974:INFO:Defining folds
2021-04-21 10:29:08,975:INFO:Declaring metric variables
2021-04-21 10:29:08,986:INFO:Importing untrained model
2021-04-21 10:29:08,987:INFO:Declaring custom model
2021-04-21 10:29:08,997:INFO:CatBoost Classifier Imported succesfully
2021-04-21 10:29:09,016:INFO:Starting cross validation
2021-04-21 10:29:09,017:INFO:Cross validating with StratifiedKFold(n_splits=10, random_state=None, shuffle=False), n_jobs=1
2021-04-21 10:29:19,919:INFO:Calculating mean and std
2021-04-21 10:29:19,921:INFO:Creating metrics dataframe
2021-04-21 10:29:19,938:INFO:Finalizing model
2021-04-21 10:29:21,022:INFO:Uploading results into container
2021-04-21 10:29:21,022:INFO:Uploading model into container now
2021-04-21 10:29:21,022:INFO:create_model_container: 16
2021-04-21 10:29:21,022:INFO:master_model_container: 16
2021-04-21 10:29:21,022:INFO:display_container: 3
2021-04-21 10:29:21,022:INFO:<catboost.core.CatBoostClassifier object at 0x7f7dfe527dd0>
2021-04-21 10:29:21,022:INFO:create_model() succesfully completed......................................
2021-04-21 10:29:21,181:INFO:SubProcess create_model() end ==================================
2021-04-21 10:29:21,201:INFO:create_model_container: 16
2021-04-21 10:29:21,201:INFO:master_model_container: 16
2021-04-21 10:29:21,201:INFO:display_container: 3
2021-04-21 10:29:21,201:INFO:<catboost.core.CatBoostClassifier object at 0x7f7dfe527dd0>
2021-04-21 10:29:21,202:INFO:tune_model() succesfully completed......................................
2021-04-21 10:30:06,067:INFO:Initializing finalize_model()
2021-04-21 10:30:06,068:INFO:finalize_model(estimator=<catboost.core.CatBoostClassifier object at 0x7f7dfe527dd0>, fit_kwargs=None, groups=None, model_only=True, display=None)
2021-04-21 10:30:06,068:INFO:Finalizing <catboost.core.CatBoostClassifier object at 0x7f7dfe527dd0>
2021-04-21 10:30:06,068:INFO:Initializing create_model()
2021-04-21 10:30:06,068:INFO:create_model(estimator=<catboost.core.CatBoostClassifier object at 0x7f7dfe527dd0>, fold=None, round=4, cross_validation=True, predict=True, fit_kwargs={}, groups=None, refit=True, verbose=False, system=False, metrics=None, display=None, kwargs={})
2021-04-21 10:30:06,068:INFO:Checking exceptions
2021-04-21 10:30:06,068:INFO:Importing libraries
2021-04-21 10:30:06,068:INFO:Copying training dataset
2021-04-21 10:30:06,069:INFO:Defining folds
2021-04-21 10:30:06,069:INFO:Declaring metric variables
2021-04-21 10:30:06,069:INFO:Importing untrained model
2021-04-21 10:30:06,069:INFO:Declaring custom model
2021-04-21 10:30:06,070:INFO:CatBoost Classifier Imported succesfully
2021-04-21 10:30:06,070:INFO:Starting cross validation
2021-04-21 10:30:06,071:INFO:Cross validating with StratifiedKFold(n_splits=10, random_state=None, shuffle=False), n_jobs=1
2021-04-21 10:30:19,483:INFO:Calculating mean and std
2021-04-21 10:30:19,483:INFO:Creating metrics dataframe
2021-04-21 10:30:19,488:INFO:Finalizing model
2021-04-21 10:30:21,184:INFO:Uploading results into container
2021-04-21 10:30:21,184:INFO:Uploading model into container now
2021-04-21 10:30:21,184:INFO:create_model_container: 17
2021-04-21 10:30:21,184:INFO:master_model_container: 17
2021-04-21 10:30:21,184:INFO:display_container: 4
2021-04-21 10:30:21,184:INFO:<catboost.core.CatBoostClassifier object at 0x7f7dfe933050>
2021-04-21 10:30:21,184:INFO:create_model() succesfully completed......................................
2021-04-21 10:30:21,347:INFO:create_model_container: 17
2021-04-21 10:30:21,347:INFO:master_model_container: 17
2021-04-21 10:30:21,347:INFO:display_container: 3
2021-04-21 10:30:21,347:INFO:<catboost.core.CatBoostClassifier object at 0x7f7dfe933050>
2021-04-21 10:30:21,347:INFO:finalize_model() succesfully completed......................................
2021-04-21 10:30:21,517:INFO:Initializing predict_model()
2021-04-21 10:30:21,518:INFO:predict_model(estimator=<catboost.core.CatBoostClassifier object at 0x7f7dfe933050>, probability_threshold=None, encoded_labels=False, raw_score=False, round=4, verbose=True, ml_usecase=MLUsecase.CLASSIFICATION, display=None)
2021-04-21 10:30:21,518:INFO:Checking exceptions
2021-04-21 10:30:21,518:INFO:Preloading libraries
2021-04-21 10:30:21,518:INFO:Preparing display monitor
2021-04-21 10:31:03,522:INFO:Initializing evaluate_model()
2021-04-21 10:31:03,523:INFO:evaluate_model(estimator=<catboost.core.CatBoostClassifier object at 0x7f7dfe933050>, fold=None, fit_kwargs=None, feature_name=None, groups=None, use_train_data=False)
2021-04-21 10:31:03,547:INFO:Initializing plot_model()
2021-04-21 10:31:03,547:INFO:plot_model(plot=parameter, fold=StratifiedKFold(n_splits=10, random_state=None, shuffle=False), use_train_data=False, verbose=True, is_in_evaluate=True, display=None, display_format=None, estimator=<catboost.core.CatBoostClassifier object at 0x7f7dfe933050>, feature_name=None, fit_kwargs={}, groups=None, label=False, save=False, scale=1, system=True)
2021-04-21 10:31:03,547:INFO:Checking exceptions
2021-04-21 10:31:03,548:INFO:Preparing display monitor
2021-04-21 10:31:03,556:INFO:Preloading libraries
2021-04-21 10:31:03,558:INFO:Copying training dataset
2021-04-21 10:31:03,559:INFO:Copying test dataset
2021-04-21 10:31:03,559:INFO:Plot type: parameter
2021-04-21 10:31:03,592:INFO:Visual Rendered Successfully
2021-04-21 10:31:03,742:INFO:plot_model() succesfully completed......................................
2021-04-21 10:31:09,732:INFO:Initializing plot_model()
2021-04-21 10:31:09,733:INFO:plot_model(plot=tree, fold=StratifiedKFold(n_splits=10, random_state=None, shuffle=False), use_train_data=False, verbose=True, is_in_evaluate=True, display=None, display_format=None, estimator=<catboost.core.CatBoostClassifier object at 0x7f7dfe933050>, feature_name=None, fit_kwargs={}, groups=None, label=False, save=False, scale=1, system=True)
2021-04-21 10:31:09,733:INFO:Checking exceptions
2021-04-21 10:31:12,650:INFO:Initializing plot_model()
2021-04-21 10:31:12,650:INFO:plot_model(plot=gain, fold=StratifiedKFold(n_splits=10, random_state=None, shuffle=False), use_train_data=False, verbose=True, is_in_evaluate=True, display=None, display_format=None, estimator=<catboost.core.CatBoostClassifier object at 0x7f7dfe933050>, feature_name=None, fit_kwargs={}, groups=None, label=False, save=False, scale=1, system=True)
2021-04-21 10:31:12,650:INFO:Checking exceptions
2021-04-21 10:31:12,652:INFO:Preparing display monitor
2021-04-21 10:31:12,661:INFO:Preloading libraries
2021-04-21 10:31:12,663:INFO:Copying training dataset
2021-04-21 10:31:12,664:INFO:Copying test dataset
2021-04-21 10:31:12,665:INFO:Plot type: gain
2021-04-21 10:31:12,667:INFO:Generating predictions / predict_proba on X_test
2021-04-21 10:31:13,049:INFO:Visual Rendered Successfully
2021-04-21 10:31:13,222:INFO:plot_model() succesfully completed......................................
2021-04-21 10:31:21,805:INFO:Initializing plot_model()
2021-04-21 10:31:21,806:INFO:plot_model(plot=lift, fold=StratifiedKFold(n_splits=10, random_state=None, shuffle=False), use_train_data=False, verbose=True, is_in_evaluate=True, display=None, display_format=None, estimator=<catboost.core.CatBoostClassifier object at 0x7f7dfe933050>, feature_name=None, fit_kwargs={}, groups=None, label=False, save=False, scale=1, system=True)
2021-04-21 10:31:21,806:INFO:Checking exceptions
2021-04-21 10:31:21,807:INFO:Preparing display monitor
2021-04-21 10:31:21,815:INFO:Preloading libraries
2021-04-21 10:31:21,817:INFO:Copying training dataset
2021-04-21 10:31:21,818:INFO:Copying test dataset
2021-04-21 10:31:21,819:INFO:Plot type: lift
2021-04-21 10:31:21,821:INFO:Generating predictions / predict_proba on X_test
2021-04-21 10:31:22,192:INFO:Visual Rendered Successfully
2021-04-21 10:31:22,342:INFO:plot_model() succesfully completed......................................
2021-04-21 10:31:56,653:INFO:Initializing plot_model()
2021-04-21 10:31:56,654:INFO:plot_model(plot=learning, fold=StratifiedKFold(n_splits=10, random_state=None, shuffle=False), use_train_data=False, verbose=True, is_in_evaluate=True, display=None, display_format=None, estimator=<catboost.core.CatBoostClassifier object at 0x7f7dfe933050>, feature_name=None, fit_kwargs={}, groups=None, label=False, save=False, scale=1, system=True)
2021-04-21 10:31:56,654:INFO:Checking exceptions
2021-04-21 10:31:56,655:INFO:Preparing display monitor
2021-04-21 10:31:56,663:INFO:Preloading libraries
2021-04-21 10:31:56,665:INFO:Copying training dataset
2021-04-21 10:31:56,666:INFO:Copying test dataset
2021-04-21 10:31:56,666:INFO:Plot type: learning
2021-04-21 10:31:56,671:INFO:Fitting Model
2021-04-21 10:33:31,127:INFO:Visual Rendered Successfully
2021-04-21 10:33:31,280:INFO:plot_model() succesfully completed......................................
2021-04-21 10:33:31,319:INFO:Initializing plot_model()
2021-04-21 10:33:31,319:INFO:plot_model(plot=boundary, fold=StratifiedKFold(n_splits=10, random_state=None, shuffle=False), use_train_data=False, verbose=True, is_in_evaluate=True, display=None, display_format=None, estimator=<catboost.core.CatBoostClassifier object at 0x7f7dfe933050>, feature_name=None, fit_kwargs={}, groups=None, label=False, save=False, scale=1, system=True)
2021-04-21 10:33:31,319:INFO:Checking exceptions
2021-04-21 10:33:31,321:INFO:Preparing display monitor
2021-04-21 10:33:31,328:INFO:Preloading libraries
2021-04-21 10:33:31,330:INFO:Copying training dataset
2021-04-21 10:33:31,331:INFO:Copying test dataset
2021-04-21 10:33:31,331:INFO:Plot type: boundary
2021-04-21 10:33:31,337:INFO:Fitting StandardScaler()
2021-04-21 10:33:31,355:INFO:Fitting PCA()
2021-04-21 10:33:31,426:INFO:Fitting Model
2021-04-21 10:34:40,469:INFO:Visual Rendered Successfully
2021-04-21 10:34:40,720:INFO:plot_model() succesfully completed......................................
2021-04-21 10:34:40,764:INFO:Initializing evaluate_model()
2021-04-21 10:34:40,765:INFO:evaluate_model(estimator=<catboost.core.CatBoostClassifier object at 0x7f7dfe933050>, fold=None, fit_kwargs=None, feature_name=None, groups=None, use_train_data=False)
2021-04-21 10:34:40,787:INFO:Initializing plot_model()
2021-04-21 10:34:40,787:INFO:plot_model(plot=parameter, fold=StratifiedKFold(n_splits=10, random_state=None, shuffle=False), use_train_data=False, verbose=True, is_in_evaluate=True, display=None, display_format=None, estimator=<catboost.core.CatBoostClassifier object at 0x7f7dfe933050>, feature_name=None, fit_kwargs={}, groups=None, label=False, save=False, scale=1, system=True)
2021-04-21 10:34:40,787:INFO:Checking exceptions
2021-04-21 10:34:40,788:INFO:Preparing display monitor
2021-04-21 10:34:40,796:INFO:Preloading libraries
2021-04-21 10:34:40,798:INFO:Copying training dataset
2021-04-21 10:34:40,798:INFO:Copying test dataset
2021-04-21 10:34:40,799:INFO:Plot type: parameter
2021-04-21 10:34:40,809:INFO:Visual Rendered Successfully
2021-04-21 10:34:40,961:INFO:plot_model() succesfully completed......................................
2021-04-21 10:34:47,176:INFO:Initializing plot_model()
2021-04-21 10:34:47,176:INFO:plot_model(plot=parameter, fold=StratifiedKFold(n_splits=10, random_state=None, shuffle=False), use_train_data=False, verbose=True, is_in_evaluate=True, display=None, display_format=None, estimator=<catboost.core.CatBoostClassifier object at 0x7f7dfe933050>, feature_name=None, fit_kwargs={}, groups=None, label=False, save=False, scale=1, system=True)
2021-04-21 10:34:47,176:INFO:Checking exceptions
2021-04-21 10:34:47,178:INFO:Preparing display monitor
2021-04-21 10:34:47,186:INFO:Preloading libraries
2021-04-21 10:34:47,188:INFO:Copying training dataset
2021-04-21 10:34:47,188:INFO:Copying test dataset
2021-04-21 10:34:47,189:INFO:Plot type: parameter
2021-04-21 10:34:47,200:INFO:Visual Rendered Successfully
2021-04-21 10:34:47,366:INFO:plot_model() succesfully completed......................................
2021-04-21 10:35:20,922:INFO:Initializing plot_model()
2021-04-21 10:35:20,922:INFO:plot_model(plot=auc, fold=StratifiedKFold(n_splits=10, random_state=None, shuffle=False), use_train_data=False, verbose=True, is_in_evaluate=True, display=None, display_format=None, estimator=<catboost.core.CatBoostClassifier object at 0x7f7dfe933050>, feature_name=None, fit_kwargs={}, groups=None, label=False, save=False, scale=1, system=True)
2021-04-21 10:35:20,922:INFO:Checking exceptions
2021-04-21 10:35:20,924:INFO:Preparing display monitor
2021-04-21 10:35:20,932:INFO:Preloading libraries
2021-04-21 10:35:20,934:INFO:Copying training dataset
2021-04-21 10:35:20,935:INFO:Copying test dataset
2021-04-21 10:35:20,935:INFO:Plot type: auc
2021-04-21 10:35:20,938:INFO:Fitting Model
2021-04-21 10:35:20,941:INFO:Scoring test/hold-out set
2021-04-21 10:35:21,308:INFO:Visual Rendered Successfully
2021-04-21 10:35:21,477:INFO:plot_model() succesfully completed......................................
2021-04-21 10:35:27,888:INFO:Initializing plot_model()
2021-04-21 10:35:27,889:INFO:plot_model(plot=confusion_matrix, fold=StratifiedKFold(n_splits=10, random_state=None, shuffle=False), use_train_data=False, verbose=True, is_in_evaluate=True, display=None, display_format=None, estimator=<catboost.core.CatBoostClassifier object at 0x7f7dfe933050>, feature_name=None, fit_kwargs={}, groups=None, label=False, save=False, scale=1, system=True)
2021-04-21 10:35:27,889:INFO:Checking exceptions
2021-04-21 10:35:27,890:INFO:Preparing display monitor
2021-04-21 10:35:27,898:INFO:Preloading libraries
2021-04-21 10:35:27,900:INFO:Copying training dataset
2021-04-21 10:35:27,901:INFO:Copying test dataset
2021-04-21 10:35:27,902:INFO:Plot type: confusion_matrix
2021-04-21 10:35:27,905:INFO:Fitting Model
2021-04-21 10:35:27,908:INFO:Scoring test/hold-out set
2021-04-21 10:35:28,095:INFO:Visual Rendered Successfully
2021-04-21 10:35:28,257:INFO:plot_model() succesfully completed......................................
2021-04-21 10:35:35,544:INFO:Initializing plot_model()
2021-04-21 10:35:35,544:INFO:plot_model(plot=threshold, fold=StratifiedKFold(n_splits=10, random_state=None, shuffle=False), use_train_data=False, verbose=True, is_in_evaluate=True, display=None, display_format=None, estimator=<catboost.core.CatBoostClassifier object at 0x7f7dfe933050>, feature_name=None, fit_kwargs={}, groups=None, label=False, save=False, scale=1, system=True)
2021-04-21 10:35:35,544:INFO:Checking exceptions
2021-04-21 10:35:35,546:INFO:Preparing display monitor
2021-04-21 10:35:35,555:INFO:Preloading libraries
2021-04-21 10:35:35,557:INFO:Copying training dataset
2021-04-21 10:35:35,558:INFO:Copying test dataset
2021-04-21 10:35:35,558:INFO:Plot type: threshold
2021-04-21 10:35:35,561:INFO:Fitting Model
2021-04-21 10:36:33,936:INFO:Scoring test/hold-out set
2021-04-21 10:36:34,464:INFO:Visual Rendered Successfully
2021-04-21 10:36:34,624:INFO:plot_model() succesfully completed......................................
2021-04-21 10:36:43,446:INFO:Initializing plot_model()
2021-04-21 10:36:43,447:INFO:plot_model(plot=feature_all, fold=StratifiedKFold(n_splits=10, random_state=None, shuffle=False), use_train_data=False, verbose=True, is_in_evaluate=True, display=None, display_format=None, estimator=<catboost.core.CatBoostClassifier object at 0x7f7dfe933050>, feature_name=None, fit_kwargs={}, groups=None, label=False, save=False, scale=1, system=True)
2021-04-21 10:36:43,447:INFO:Checking exceptions
2021-04-21 10:36:43,449:INFO:Preparing display monitor
2021-04-21 10:36:43,457:INFO:Preloading libraries
2021-04-21 10:36:43,460:INFO:Copying training dataset
2021-04-21 10:36:43,460:INFO:Copying test dataset
2021-04-21 10:36:43,461:INFO:Plot type: feature_all
2021-04-21 10:36:43,463:WARNING:No coef_ found. Trying feature_importances_
2021-04-21 10:36:45,659:INFO:Visual Rendered Successfully
2021-04-21 10:36:45,811:INFO:plot_model() succesfully completed......................................
2021-04-21 10:38:04,829:INFO:Initializing plot_model()
2021-04-21 10:38:04,829:INFO:plot_model(plot=feature, fold=StratifiedKFold(n_splits=10, random_state=None, shuffle=False), use_train_data=False, verbose=True, is_in_evaluate=True, display=None, display_format=None, estimator=<catboost.core.CatBoostClassifier object at 0x7f7dfe933050>, feature_name=None, fit_kwargs={}, groups=None, label=False, save=False, scale=1, system=True)
2021-04-21 10:38:04,829:INFO:Checking exceptions
2021-04-21 10:38:04,831:INFO:Preparing display monitor
2021-04-21 10:38:04,839:INFO:Preloading libraries
2021-04-21 10:38:04,841:INFO:Copying training dataset
2021-04-21 10:38:04,842:INFO:Copying test dataset
2021-04-21 10:38:04,842:INFO:Plot type: feature
2021-04-21 10:38:04,844:WARNING:No coef_ found. Trying feature_importances_
2021-04-21 10:38:05,144:INFO:Visual Rendered Successfully
2021-04-21 10:38:05,296:INFO:plot_model() succesfully completed......................................
2021-04-21 10:38:12,975:INFO:Initializing plot_model()
2021-04-21 10:38:12,975:INFO:plot_model(plot=feature_all, fold=StratifiedKFold(n_splits=10, random_state=None, shuffle=False), use_train_data=False, verbose=True, is_in_evaluate=True, display=None, display_format=None, estimator=<catboost.core.CatBoostClassifier object at 0x7f7dfe933050>, feature_name=None, fit_kwargs={}, groups=None, label=False, save=False, scale=1, system=True)
2021-04-21 10:38:12,975:INFO:Checking exceptions
2021-04-21 10:38:12,977:INFO:Preparing display monitor
2021-04-21 10:38:12,986:INFO:Preloading libraries
2021-04-21 10:38:12,988:INFO:Copying training dataset
2021-04-21 10:38:12,989:INFO:Copying test dataset
2021-04-21 10:38:12,989:INFO:Plot type: feature_all
2021-04-21 10:38:12,991:WARNING:No coef_ found. Trying feature_importances_
2021-04-21 10:38:15,184:INFO:Visual Rendered Successfully
2021-04-21 10:38:15,336:INFO:plot_model() succesfully completed......................................
2021-04-21 10:38:21,999:INFO:Initializing plot_model()
2021-04-21 10:38:21,999:INFO:plot_model(plot=vc, fold=StratifiedKFold(n_splits=10, random_state=None, shuffle=False), use_train_data=False, verbose=True, is_in_evaluate=True, display=None, display_format=None, estimator=<catboost.core.CatBoostClassifier object at 0x7f7dfe933050>, feature_name=None, fit_kwargs={}, groups=None, label=False, save=False, scale=1, system=True)
2021-04-21 10:38:21,999:INFO:Checking exceptions
2021-04-21 10:38:22,001:INFO:Preparing display monitor
2021-04-21 10:38:22,010:INFO:Preloading libraries
2021-04-21 10:38:22,012:INFO:Copying training dataset
2021-04-21 10:38:22,012:INFO:Copying test dataset
2021-04-21 10:38:22,013:INFO:Plot type: vc
2021-04-21 10:38:22,015:INFO:Determining param_name
2021-04-21 10:38:22,015:INFO:param_name: actual_estimator__depth
2021-04-21 10:38:22,017:INFO:Fitting Model
2021-04-21 10:39:58,615:INFO:Visual Rendered Successfully
2021-04-21 10:39:58,762:INFO:plot_model() succesfully completed......................................
